<?xml version="1.0" encoding="UTF-8"?>
<!-- Generated by org.testng.reporters.JUnitReportReporter -->
<testsuite hostname="Lenevo" failures="2" tests="2" name="SeleniumFrameworkDesign.tests.appLogin" time="0.004" errors="0" timestamp="2 Sep 2024 17:11:18 GMT">
  <testcase classname="SeleniumFrameworkDesign.tests.appLogin" name="appLoginTest" time="0.002">
    <failure message="session not created: This version of ChromeDriver only supports Chrome version 114
Current browser version is 128.0.6613.114 with binary path C:\Program Files\Google\Chrome\Application\chrome.exe
Build info: version: &#039;3.141.59&#039;, revision: &#039;e82be7d358&#039;, time: &#039;2018-11-14T08:25:48&#039;
System info: host: &#039;LENEVO&#039;, ip: &#039;192.168.31.196&#039;, os.name: &#039;Windows 11&#039;, os.arch: &#039;amd64&#039;, os.version: &#039;10.0&#039;, java.version: &#039;22.0.2&#039;
Driver info: driver.version: ChromeDriver
remote stacktrace: Backtrace:
	GetHandleVerifier [0x0089A813+48355]
	(No symbol) [0x0082C4B1]
	(No symbol) [0x00735358]
	(No symbol) [0x007561AC]
	(No symbol) [0x00751EF3]
	(No symbol) [0x00750579]
	(No symbol) [0x00780C55]
	(No symbol) [0x0078093C]
	(No symbol) [0x0077A536]
	(No symbol) [0x007582DC]
	(No symbol) [0x007593DD]
	GetHandleVerifier [0x00AFAABD+2539405]
	GetHandleVerifier [0x00B3A78F+2800735]
	GetHandleVerifier [0x00B3456C+2775612]
	GetHandleVerifier [0x009251E0+616112]
	(No symbol) [0x00835F8C]
	(No symbol) [0x00832328]
	(No symbol) [0x0083240B]
	(No symbol) [0x00824FF7]
	BaseThreadInitThunk [0x75CE7BA9+25]
	RtlInitializeExceptionChain [0x7758C10B+107]
	RtlClearBits [0x7758C08F+191]
" type="org.openqa.selenium.SessionNotCreatedException">
      <![CDATA[org.openqa.selenium.SessionNotCreatedException: session not created: This version of ChromeDriver only supports Chrome version 114
Current browser version is 128.0.6613.114 with binary path C:\Program Files\Google\Chrome\Application\chrome.exe
Build info: version: '3.141.59', revision: 'e82be7d358', time: '2018-11-14T08:25:48'
System info: host: 'LENEVO', ip: '192.168.31.196', os.name: 'Windows 11', os.arch: 'amd64', os.version: '10.0', java.version: '22.0.2'
Driver info: driver.version: ChromeDriver
remote stacktrace: Backtrace:
	GetHandleVerifier [0x0089A813+48355]
	(No symbol) [0x0082C4B1]
	(No symbol) [0x00735358]
	(No symbol) [0x007561AC]
	(No symbol) [0x00751EF3]
	(No symbol) [0x00750579]
	(No symbol) [0x00780C55]
	(No symbol) [0x0078093C]
	(No symbol) [0x0077A536]
	(No symbol) [0x007582DC]
	(No symbol) [0x007593DD]
	GetHandleVerifier [0x00AFAABD+2539405]
	GetHandleVerifier [0x00B3A78F+2800735]
	GetHandleVerifier [0x00B3456C+2775612]
	GetHandleVerifier [0x009251E0+616112]
	(No symbol) [0x00835F8C]
	(No symbol) [0x00832328]
	(No symbol) [0x0083240B]
	(No symbol) [0x00824FF7]
	BaseThreadInitThunk [0x75CE7BA9+25]
	RtlInitializeExceptionChain [0x7758C10B+107]
	RtlClearBits [0x7758C08F+191]

	at java.base/jdk.internal.reflect.DirectConstructorHandleAccessor.newInstance(DirectConstructorHandleAccessor.java:62)
	at java.base/java.lang.reflect.Constructor.newInstanceWithCaller(Constructor.java:502)
	at java.base/java.lang.reflect.Constructor.newInstance(Constructor.java:486)
	at org.openqa.selenium.remote.W3CHandshakeResponse.lambda$errorHandler$0(W3CHandshakeResponse.java:62)
	at org.openqa.selenium.remote.HandshakeResponse.lambda$getResponseFunction$0(HandshakeResponse.java:30)
	at org.openqa.selenium.remote.ProtocolHandshake.lambda$createSession$0(ProtocolHandshake.java:126)
	at java.base/java.util.stream.ReferencePipeline$3$1.accept(ReferencePipeline.java:212)
	at java.base/java.util.Spliterators$ArraySpliterator.tryAdvance(Spliterators.java:1034)
	at java.base/java.util.stream.ReferencePipeline.forEachWithCancel(ReferencePipeline.java:144)
	at java.base/java.util.stream.AbstractPipeline.copyIntoWithCancel(AbstractPipeline.java:574)
	at java.base/java.util.stream.AbstractPipeline.copyInto(AbstractPipeline.java:560)
	at java.base/java.util.stream.AbstractPipeline.wrapAndCopyInto(AbstractPipeline.java:546)
	at java.base/java.util.stream.FindOps$FindOp.evaluateSequential(FindOps.java:150)
	at java.base/java.util.stream.AbstractPipeline.evaluate(AbstractPipeline.java:265)
	at java.base/java.util.stream.ReferencePipeline.findFirst(ReferencePipeline.java:662)
	at org.openqa.selenium.remote.ProtocolHandshake.createSession(ProtocolHandshake.java:128)
	at org.openqa.selenium.remote.ProtocolHandshake.createSession(ProtocolHandshake.java:74)
	at org.openqa.selenium.remote.HttpCommandExecutor.execute(HttpCommandExecutor.java:136)
	at org.openqa.selenium.remote.service.DriverCommandExecutor.execute(DriverCommandExecutor.java:83)
	at org.openqa.selenium.remote.RemoteWebDriver.execute(RemoteWebDriver.java:552)
	at org.openqa.selenium.remote.RemoteWebDriver.startSession(RemoteWebDriver.java:213)
	at org.openqa.selenium.remote.RemoteWebDriver.<init>(RemoteWebDriver.java:131)
	at org.openqa.selenium.chrome.ChromeDriver.<init>(ChromeDriver.java:181)
	at org.openqa.selenium.chrome.ChromeDriver.<init>(ChromeDriver.java:168)
	at org.openqa.selenium.chrome.ChromeDriver.<init>(ChromeDriver.java:123)
	at SeleniumFrameworkDesign.MyProject.TestComponents.BaseTest.intializeDriver(BaseTest.java:46)
	at SeleniumFrameworkDesign.MyProject.TestComponents.BaseTest.launchApplication(BaseTest.java:86)
	at java.base/jdk.internal.reflect.DirectMethodHandleAccessor.invoke(DirectMethodHandleAccessor.java:103)
	at java.base/java.lang.reflect.Method.invoke(Method.java:580)
	at org.testng.internal.MethodInvocationHelper.invokeMethod(MethodInvocationHelper.java:80)
	at org.testng.internal.Invoker.invokeConfigurationMethod(Invoker.java:564)
	at org.testng.internal.Invoker.invokeConfigurations(Invoker.java:213)
	at org.testng.internal.Invoker.invokeMethod(Invoker.java:653)
	at org.testng.internal.Invoker.invokeTestMethod(Invoker.java:907)
	at org.testng.internal.Invoker.invokeTestMethods(Invoker.java:1237)
	at org.testng.internal.TestMethodWorker.invokeTestMethods(TestMethodWorker.java:127)
	at org.testng.internal.TestMethodWorker.run(TestMethodWorker.java:111)
	at org.testng.TestRunner.privateRun(TestRunner.java:767)
	at org.testng.TestRunner.run(TestRunner.java:617)
	at org.testng.SuiteRunner.runTest(SuiteRunner.java:334)
	at org.testng.SuiteRunner.runSequentially(SuiteRunner.java:329)
	at org.testng.SuiteRunner.privateRun(SuiteRunner.java:291)
	at org.testng.SuiteRunner.run(SuiteRunner.java:240)
	at org.testng.SuiteRunnerWorker.runSuite(SuiteRunnerWorker.java:51)
	at org.testng.SuiteRunnerWorker.run(SuiteRunnerWorker.java:85)
	at org.testng.TestNG.runSuitesSequentially(TestNG.java:1197)
	at org.testng.TestNG.runSuitesLocally(TestNG.java:1122)
	at org.testng.TestNG.run(TestNG.java:1030)
	at org.testng.remote.AbstractRemoteTestNG.run(AbstractRemoteTestNG.java:115)
	at org.testng.remote.RemoteTestNG.initAndRun(RemoteTestNG.java:293)
	at org.testng.remote.RemoteTestNG.main(RemoteTestNG.java:91)
]]>
    </failure>
  </testcase> <!-- appLoginTest -->
  <testcase classname="SeleniumFrameworkDesign.tests.appLogin" name="appLoginTest" time="0.002">
    <failure message="session not created: This version of ChromeDriver only supports Chrome version 114
Current browser version is 128.0.6613.114 with binary path C:\Program Files\Google\Chrome\Application\chrome.exe
Build info: version: &#039;3.141.59&#039;, revision: &#039;e82be7d358&#039;, time: &#039;2018-11-14T08:25:48&#039;
System info: host: &#039;LENEVO&#039;, ip: &#039;192.168.31.196&#039;, os.name: &#039;Windows 11&#039;, os.arch: &#039;amd64&#039;, os.version: &#039;10.0&#039;, java.version: &#039;22.0.2&#039;
Driver info: driver.version: ChromeDriver
remote stacktrace: Backtrace:
	GetHandleVerifier [0x0089A813+48355]
	(No symbol) [0x0082C4B1]
	(No symbol) [0x00735358]
	(No symbol) [0x007561AC]
	(No symbol) [0x00751EF3]
	(No symbol) [0x00750579]
	(No symbol) [0x00780C55]
	(No symbol) [0x0078093C]
	(No symbol) [0x0077A536]
	(No symbol) [0x007582DC]
	(No symbol) [0x007593DD]
	GetHandleVerifier [0x00AFAABD+2539405]
	GetHandleVerifier [0x00B3A78F+2800735]
	GetHandleVerifier [0x00B3456C+2775612]
	GetHandleVerifier [0x009251E0+616112]
	(No symbol) [0x00835F8C]
	(No symbol) [0x00832328]
	(No symbol) [0x0083240B]
	(No symbol) [0x00824FF7]
	BaseThreadInitThunk [0x75CE7BA9+25]
	RtlInitializeExceptionChain [0x7758C10B+107]
	RtlClearBits [0x7758C08F+191]
" type="org.openqa.selenium.SessionNotCreatedException">
      <![CDATA[org.openqa.selenium.SessionNotCreatedException: session not created: This version of ChromeDriver only supports Chrome version 114
Current browser version is 128.0.6613.114 with binary path C:\Program Files\Google\Chrome\Application\chrome.exe
Build info: version: '3.141.59', revision: 'e82be7d358', time: '2018-11-14T08:25:48'
System info: host: 'LENEVO', ip: '192.168.31.196', os.name: 'Windows 11', os.arch: 'amd64', os.version: '10.0', java.version: '22.0.2'
Driver info: driver.version: ChromeDriver
remote stacktrace: Backtrace:
	GetHandleVerifier [0x0089A813+48355]
	(No symbol) [0x0082C4B1]
	(No symbol) [0x00735358]
	(No symbol) [0x007561AC]
	(No symbol) [0x00751EF3]
	(No symbol) [0x00750579]
	(No symbol) [0x00780C55]
	(No symbol) [0x0078093C]
	(No symbol) [0x0077A536]
	(No symbol) [0x007582DC]
	(No symbol) [0x007593DD]
	GetHandleVerifier [0x00AFAABD+2539405]
	GetHandleVerifier [0x00B3A78F+2800735]
	GetHandleVerifier [0x00B3456C+2775612]
	GetHandleVerifier [0x009251E0+616112]
	(No symbol) [0x00835F8C]
	(No symbol) [0x00832328]
	(No symbol) [0x0083240B]
	(No symbol) [0x00824FF7]
	BaseThreadInitThunk [0x75CE7BA9+25]
	RtlInitializeExceptionChain [0x7758C10B+107]
	RtlClearBits [0x7758C08F+191]

	at java.base/jdk.internal.reflect.DirectConstructorHandleAccessor.newInstance(DirectConstructorHandleAccessor.java:62)
	at java.base/java.lang.reflect.Constructor.newInstanceWithCaller(Constructor.java:502)
	at java.base/java.lang.reflect.Constructor.newInstance(Constructor.java:486)
	at org.openqa.selenium.remote.W3CHandshakeResponse.lambda$errorHandler$0(W3CHandshakeResponse.java:62)
	at org.openqa.selenium.remote.HandshakeResponse.lambda$getResponseFunction$0(HandshakeResponse.java:30)
	at org.openqa.selenium.remote.ProtocolHandshake.lambda$createSession$0(ProtocolHandshake.java:126)
	at java.base/java.util.stream.ReferencePipeline$3$1.accept(ReferencePipeline.java:212)
	at java.base/java.util.Spliterators$ArraySpliterator.tryAdvance(Spliterators.java:1034)
	at java.base/java.util.stream.ReferencePipeline.forEachWithCancel(ReferencePipeline.java:144)
	at java.base/java.util.stream.AbstractPipeline.copyIntoWithCancel(AbstractPipeline.java:574)
	at java.base/java.util.stream.AbstractPipeline.copyInto(AbstractPipeline.java:560)
	at java.base/java.util.stream.AbstractPipeline.wrapAndCopyInto(AbstractPipeline.java:546)
	at java.base/java.util.stream.FindOps$FindOp.evaluateSequential(FindOps.java:150)
	at java.base/java.util.stream.AbstractPipeline.evaluate(AbstractPipeline.java:265)
	at java.base/java.util.stream.ReferencePipeline.findFirst(ReferencePipeline.java:662)
	at org.openqa.selenium.remote.ProtocolHandshake.createSession(ProtocolHandshake.java:128)
	at org.openqa.selenium.remote.ProtocolHandshake.createSession(ProtocolHandshake.java:74)
	at org.openqa.selenium.remote.HttpCommandExecutor.execute(HttpCommandExecutor.java:136)
	at org.openqa.selenium.remote.service.DriverCommandExecutor.execute(DriverCommandExecutor.java:83)
	at org.openqa.selenium.remote.RemoteWebDriver.execute(RemoteWebDriver.java:552)
	at org.openqa.selenium.remote.RemoteWebDriver.startSession(RemoteWebDriver.java:213)
	at org.openqa.selenium.remote.RemoteWebDriver.<init>(RemoteWebDriver.java:131)
	at org.openqa.selenium.chrome.ChromeDriver.<init>(ChromeDriver.java:181)
	at org.openqa.selenium.chrome.ChromeDriver.<init>(ChromeDriver.java:168)
	at org.openqa.selenium.chrome.ChromeDriver.<init>(ChromeDriver.java:123)
	at SeleniumFrameworkDesign.MyProject.TestComponents.BaseTest.intializeDriver(BaseTest.java:46)
	at SeleniumFrameworkDesign.MyProject.TestComponents.BaseTest.launchApplication(BaseTest.java:86)
	at java.base/jdk.internal.reflect.DirectMethodHandleAccessor.invoke(DirectMethodHandleAccessor.java:103)
	at java.base/java.lang.reflect.Method.invoke(Method.java:580)
	at org.testng.internal.MethodInvocationHelper.invokeMethod(MethodInvocationHelper.java:80)
	at org.testng.internal.Invoker.invokeConfigurationMethod(Invoker.java:564)
	at org.testng.internal.Invoker.invokeConfigurations(Invoker.java:213)
	at org.testng.internal.Invoker.invokeMethod(Invoker.java:653)
	at org.testng.internal.Invoker.invokeTestMethod(Invoker.java:907)
	at org.testng.internal.Invoker.invokeTestMethods(Invoker.java:1237)
	at org.testng.internal.TestMethodWorker.invokeTestMethods(TestMethodWorker.java:127)
	at org.testng.internal.TestMethodWorker.run(TestMethodWorker.java:111)
	at org.testng.TestRunner.privateRun(TestRunner.java:767)
	at org.testng.TestRunner.run(TestRunner.java:617)
	at org.testng.SuiteRunner.runTest(SuiteRunner.java:334)
	at org.testng.SuiteRunner.runSequentially(SuiteRunner.java:329)
	at org.testng.SuiteRunner.privateRun(SuiteRunner.java:291)
	at org.testng.SuiteRunner.run(SuiteRunner.java:240)
	at org.testng.SuiteRunnerWorker.runSuite(SuiteRunnerWorker.java:51)
	at org.testng.SuiteRunnerWorker.run(SuiteRunnerWorker.java:85)
	at org.testng.TestNG.runSuitesSequentially(TestNG.java:1197)
	at org.testng.TestNG.runSuitesLocally(TestNG.java:1122)
	at org.testng.TestNG.run(TestNG.java:1030)
	at org.testng.remote.AbstractRemoteTestNG.run(AbstractRemoteTestNG.java:115)
	at org.testng.remote.RemoteTestNG.initAndRun(RemoteTestNG.java:293)
	at org.testng.remote.RemoteTestNG.main(RemoteTestNG.java:91)
]]>
    </failure>
  </testcase> <!-- appLoginTest -->
</testsuite> <!-- SeleniumFrameworkDesign.tests.appLogin -->
